2025-10-06 12:33:34 - Socket do cliente criado com sucesso.
2025-10-06 12:33:34 - Socket do cliente criado com sucesso.
2025-10-06 12:33:34 - Socket do cliente criado com sucesso.
2025-10-06 12:33:34 - Conectado ao servidor com sucesso!
2025-10-06 12:33:34 - Conectado ao servidor com sucesso!
2025-10-06 12:33:34 - Conectado ao servidor com sucesso!
2025-10-06 12:33:34 - Socket do cliente criado com sucesso.
2025-10-06 12:33:34 - Conectado ao servidor com sucesso!
2025-10-06 12:33:34 - Socket do cliente criado com sucesso.
2025-10-06 12:33:34 - Conectado ao servidor com sucesso!
2025-10-06 12:33:34 - Socket do cliente criado com sucesso.
2025-10-06 12:33:34 - Conectado ao servidor com sucesso!
2025-10-06 12:33:34 - Socket do cliente criado com sucesso.
2025-10-06 12:33:34 - Conectado ao servidor com sucesso!
2025-10-06 12:33:34 - Socket do cliente criado com sucesso.
2025-10-06 12:33:34 - Conectado ao servidor com sucesso!
2025-10-06 12:33:34 - Socket do cliente criado com sucesso.
2025-10-06 12:33:34 - Conectado ao servidor com sucesso!
2025-10-06 12:33:34 - Socket do cliente criado com sucesso.
2025-10-06 12:33:34 - Conectado ao servidor com sucesso!
2025-10-06 12:33:34 - Socket do cliente criado com sucesso.
2025-10-06 12:33:34 - Conectado ao servidor com sucesso!
2025-10-06 12:33:34 - Socket do cliente criado com sucesso.
2025-10-06 12:33:34 - Socket do cliente criado com sucesso.
2025-10-06 12:33:34 - Conectado ao servidor com sucesso!
2025-10-06 12:33:34 - Conectado ao servidor com sucesso!
2025-10-06 12:33:34 - Socket do cliente criado com sucesso.
2025-10-06 12:33:34 - Conectado ao servidor com sucesso!
2025-10-06 12:33:34 - Socket do cliente criado com sucesso.
2025-10-06 12:33:34 - Socket do cliente criado com sucesso.
2025-10-06 12:33:34 - Conectado ao servidor com sucesso!
2025-10-06 12:33:34 - Conectado ao servidor com sucesso!
2025-10-06 12:33:34 - Socket do cliente criado com sucesso.
2025-10-06 12:33:34 - Conectado ao servidor com sucesso!
2025-10-06 12:33:34 - Socket do cliente criado com sucesso.
2025-10-06 12:33:34 - Conectado ao servidor com sucesso!
2025-10-06 12:33:34 - Socket do cliente criado com sucesso.
2025-10-06 12:33:34 - Socket do cliente criado com sucesso.
2025-10-06 12:33:34 - Conectado ao servidor com sucesso!
2025-10-06 12:33:34 - Conectado ao servidor com sucesso!
2025-10-06 12:33:34 - Socket do cliente criado com sucesso.
2025-10-06 12:33:34 - Socket do cliente criado com sucesso.
2025-10-06 12:33:34 - Conectado ao servidor com sucesso!
2025-10-06 12:33:34 - Conectado ao servidor com sucesso!
2025-10-06 12:33:34 - Socket do cliente criado com sucesso.
2025-10-06 12:33:34 - Conectado ao servidor com sucesso!
2025-10-06 12:33:34 - Socket do cliente criado com sucesso.
2025-10-06 12:33:34 - Conectado ao servidor com sucesso!
2025-10-06 12:33:34 - Socket do cliente criado com sucesso.
2025-10-06 12:33:34 - Conectado ao servidor com sucesso!
2025-10-06 12:33:34 - Socket do cliente criado com sucesso.
2025-10-06 12:33:34 - Socket do cliente criado com sucesso.
2025-10-06 12:33:34 - Socket do cliente criado com sucesso.
2025-10-06 12:33:34 - Conectado ao servidor com sucesso!
2025-10-06 12:33:34 - Conectado ao servidor com sucesso!
2025-10-06 12:33:34 - Conectado ao servidor com sucesso!
2025-10-06 12:33:34 - Socket do cliente criado com sucesso.
2025-10-06 12:33:34 - Socket do cliente criado com sucesso.
2025-10-06 12:33:34 - Conectado ao servidor com sucesso!
2025-10-06 12:33:34 - Conectado ao servidor com sucesso!
2025-10-06 12:33:34 - Socket do cliente criado com sucesso.
2025-10-06 12:33:34 - Conectado ao servidor com sucesso!
2025-10-06 12:33:34 - Socket do cliente criado com sucesso.
2025-10-06 12:33:34 - Conectado ao servidor com sucesso!
2025-10-06 12:33:34 - Socket do cliente criado com sucesso.
2025-10-06 12:33:34 - Conectado ao servidor com sucesso!
2025-10-06 12:33:34 - Socket do cliente criado com sucesso.
2025-10-06 12:33:34 - Conectado ao servidor com sucesso!
2025-10-06 12:33:34 - Socket do cliente criado com sucesso.
2025-10-06 12:33:34 - Conectado ao servidor com sucesso!
2025-10-06 12:33:34 - Socket do cliente criado com sucesso.
2025-10-06 12:33:34 - Conectado ao servidor com sucesso!
2025-10-06 12:33:34 - Socket do cliente criado com sucesso.
2025-10-06 12:33:34 - Conectado ao servidor com sucesso!
2025-10-06 12:33:34 - Socket do cliente criado com sucesso.
2025-10-06 12:33:34 - Conectado ao servidor com sucesso!
2025-10-06 12:33:34 - Socket do cliente criado com sucesso.
2025-10-06 12:33:34 - Conectado ao servidor com sucesso!
2025-10-06 12:33:34 - Socket do cliente criado com sucesso.
2025-10-06 12:33:34 - Conectado ao servidor com sucesso!
2025-10-06 12:33:34 - Socket do cliente criado com sucesso.
2025-10-06 12:33:34 - Conectado ao servidor com sucesso!
2025-10-06 12:33:34 - Socket do cliente criado com sucesso.
2025-10-06 12:33:34 - Socket do cliente criado com sucesso.
2025-10-06 12:33:34 - Conectado ao servidor com sucesso!
2025-10-06 12:33:34 - Conectado ao servidor com sucesso!
2025-10-06 12:33:34 - Socket do cliente criado com sucesso.
2025-10-06 12:33:34 - Conectado ao servidor com sucesso!
2025-10-06 12:33:34 - Socket do cliente criado com sucesso.
2025-10-06 12:33:34 - Socket do cliente criado com sucesso.
2025-10-06 12:33:34 - Conectado ao servidor com sucesso!
2025-10-06 12:33:34 - Conectado ao servidor com sucesso!
2025-10-06 12:33:34 - Socket do cliente criado com sucesso.
2025-10-06 12:33:34 - Conectado ao servidor com sucesso!
2025-10-06 12:33:34 - Socket do cliente criado com sucesso.
2025-10-06 12:33:34 - Socket do cliente criado com sucesso.
2025-10-06 12:33:34 - Conectado ao servidor com sucesso!
2025-10-06 12:33:34 - Conectado ao servidor com sucesso!
2025-10-06 12:33:34 - Socket do cliente criado com sucesso.
2025-10-06 12:33:34 - Conectado ao servidor com sucesso!
2025-10-06 12:33:35 - Conexão encerrada pelo servidor.
2025-10-06 12:33:35 - Thread de recebimento finalizada.
2025-10-06 12:33:35 - Conexão e socket fechados.
2025-10-06 12:33:35 - Conexão encerrada pelo servidor.
2025-10-06 12:33:35 - Thread de recebimento finalizada.
2025-10-06 12:33:35 - Conexão e socket fechados.
2025-10-06 12:33:35 - Conexão encerrada pelo servidor.
2025-10-06 12:33:35 - Thread de recebimento finalizada.
2025-10-06 12:33:35 - Conexão e socket fechados.
2025-10-06 12:33:35 - Conexão encerrada pelo servidor.
2025-10-06 12:33:35 - Thread de recebimento finalizada.
2025-10-06 12:33:35 - Conexão encerrada pelo servidor.
2025-10-06 12:33:35 - Conexão e socket fechados.
2025-10-06 12:33:35 - Thread de recebimento finalizada.
2025-10-06 12:33:35 - Conexão e socket fechados.
2025-10-06 12:33:35 - Conexão encerrada pelo servidor.
2025-10-06 12:33:35 - Thread de recebimento finalizada.
2025-10-06 12:33:35 - Conexão e socket fechados.
2025-10-06 12:33:35 - Conexão encerrada pelo servidor.
2025-10-06 12:33:35 - Thread de recebimento finalizada.
2025-10-06 12:33:35 - Conexão e socket fechados.
2025-10-06 12:33:35 - Conexão encerrada pelo servidor.
2025-10-06 12:33:35 - Thread de recebimento finalizada.
2025-10-06 12:33:35 - Conexão e socket fechados.
2025-10-06 12:33:35 - Conexão encerrada pelo servidor.
2025-10-06 12:33:35 - Thread de recebimento finalizada.
2025-10-06 12:33:35 - Conexão e socket fechados.
2025-10-06 12:33:35 - Conexão encerrada pelo servidor.
2025-10-06 12:33:35 - Thread de recebimento finalizada.
2025-10-06 12:33:35 - Conexão e socket fechados.
2025-10-06 12:33:35 - Conexão encerrada pelo servidor.
2025-10-06 12:33:35 - Thread de recebimento finalizada.
2025-10-06 12:33:35 - Conexão e socket fechados.
2025-10-06 12:33:35 - Conexão encerrada pelo servidor.
2025-10-06 12:33:35 - Thread de recebimento finalizada.
2025-10-06 12:33:35 - Conexão e socket fechados.
2025-10-06 12:33:35 - Conexão encerrada pelo servidor.
2025-10-06 12:33:35 - Thread de recebimento finalizada.
2025-10-06 12:33:35 - Conexão e socket fechados.
2025-10-06 12:33:35 - Conexão encerrada pelo servidor.
2025-10-06 12:33:35 - Thread de recebimento finalizada.
2025-10-06 12:33:35 - Conexão e socket fechados.
2025-10-06 12:33:35 - Conexão encerrada pelo servidor.
2025-10-06 12:33:35 - Thread de recebimento finalizada.
2025-10-06 12:33:35 - Conexão encerrada pelo servidor.
2025-10-06 12:33:35 - Conexão encerrada pelo servidor.
2025-10-06 12:33:35 - Thread de recebimento finalizada.
2025-10-06 12:33:35 - Thread de recebimento finalizada.
2025-10-06 12:33:35 - Conexão e socket fechados.
2025-10-06 12:33:35 - Conexão e socket fechados.
2025-10-06 12:33:35 - Conexão e socket fechados.
2025-10-06 12:33:35 - Conexão encerrada pelo servidor.
2025-10-06 12:33:35 - Thread de recebimento finalizada.
2025-10-06 12:33:35 - Conexão e socket fechados.
2025-10-06 12:33:35 - Conexão encerrada pelo servidor.
2025-10-06 12:33:35 - Thread de recebimento finalizada.
2025-10-06 12:33:35 - Conexão e socket fechados.
2025-10-06 12:33:35 - Conexão encerrada pelo servidor.
2025-10-06 12:33:35 - Thread de recebimento finalizada.
2025-10-06 12:33:35 - Conexão e socket fechados.
2025-10-06 12:33:35 - Conexão encerrada pelo servidor.
2025-10-06 12:33:35 - Thread de recebimento finalizada.
2025-10-06 12:33:35 - Conexão e socket fechados.
2025-10-06 12:33:35 - Conexão encerrada pelo servidor.
2025-10-06 12:33:35 - Thread de recebimento finalizada.
2025-10-06 12:33:35 - Conexão e socket fechados.
2025-10-06 12:33:36 - Conexão encerrada pelo servidor.
2025-10-06 12:33:36 - Thread de recebimento finalizada.
2025-10-06 12:33:36 - Conexão e socket fechados.
2025-10-06 12:33:36 - Conexão encerrada pelo servidor.
2025-10-06 12:33:36 - Thread de recebimento finalizada.
2025-10-06 12:33:36 - Conexão e socket fechados.
2025-10-06 12:33:36 - Conexão encerrada pelo servidor.
2025-10-06 12:33:36 - Thread de recebimento finalizada.
2025-10-06 12:33:36 - Conexão e socket fechados.
2025-10-06 12:33:36 - Conexão encerrada pelo servidor.
2025-10-06 12:33:36 - Thread de recebimento finalizada.
2025-10-06 12:33:36 - Conexão e socket fechados.
2025-10-06 12:33:36 - Conexão encerrada pelo servidor.
2025-10-06 12:33:36 - Thread de recebimento finalizada.
2025-10-06 12:33:36 - Conexão e socket fechados.
2025-10-06 12:33:36 - Conexão encerrada pelo servidor.
2025-10-06 12:33:36 - Thread de recebimento finalizada.
2025-10-06 12:33:36 - Conexão e socket fechados.
2025-10-06 12:33:36 - Conexão encerrada pelo servidor.
2025-10-06 12:33:36 - Thread de recebimento finalizada.
2025-10-06 12:33:36 - Conexão e socket fechados.
2025-10-06 12:33:36 - Conexão encerrada pelo servidor.
2025-10-06 12:33:36 - Thread de recebimento finalizada.
2025-10-06 12:33:36 - Conexão e socket fechados.
2025-10-06 12:33:36 - Conexão encerrada pelo servidor.
2025-10-06 12:33:36 - Thread de recebimento finalizada.
2025-10-06 12:33:36 - Conexão e socket fechados.
2025-10-06 12:33:36 - Conexão encerrada pelo servidor.
2025-10-06 12:33:36 - Thread de recebimento finalizada.
2025-10-06 12:33:36 - Conexão e socket fechados.
2025-10-06 12:33:36 - Conexão encerrada pelo servidor.
2025-10-06 12:33:36 - Thread de recebimento finalizada.
2025-10-06 12:33:36 - Conexão e socket fechados.
2025-10-06 12:33:36 - Conexão encerrada pelo servidor.
2025-10-06 12:33:36 - Thread de recebimento finalizada.
2025-10-06 12:33:36 - Conexão e socket fechados.
2025-10-06 12:33:36 - Conexão encerrada pelo servidor.
2025-10-06 12:33:36 - Thread de recebimento finalizada.
2025-10-06 12:33:36 - Conexão e socket fechados.
2025-10-06 12:33:36 - Conexão encerrada pelo servidor.
2025-10-06 12:33:36 - Thread de recebimento finalizada.
2025-10-06 12:33:36 - Conexão e socket fechados.
2025-10-06 12:33:36 - Conexão encerrada pelo servidor.
2025-10-06 12:33:36 - Thread de recebimento finalizada.
2025-10-06 12:33:36 - Conexão e socket fechados.
2025-10-06 12:33:36 - Conexão encerrada pelo servidor.
2025-10-06 12:33:36 - Thread de recebimento finalizada.
2025-10-06 12:33:36 - Conexão encerrada pelo servidor.
2025-10-06 12:33:36 - Conexão e socket fechados.
2025-10-06 12:33:36 - Thread de recebimento finalizada.
2025-10-06 12:33:36 - Conexão e socket fechados.
2025-10-06 12:33:36 - Conexão encerrada pelo servidor.
2025-10-06 12:33:36 - Conexão encerrada pelo servidor.
2025-10-06 12:33:36 - Thread de recebimento finalizada.
2025-10-06 12:33:36 - Thread de recebimento finalizada.
2025-10-06 12:33:36 - Conexão e socket fechados.
2025-10-06 12:33:36 - Conexão e socket fechados.
2025-10-06 12:33:36 - Conexão encerrada pelo servidor.
2025-10-06 12:33:36 - Thread de recebimento finalizada.
2025-10-06 12:33:36 - Conexão e socket fechados.
2025-10-06 12:33:36 - Conexão encerrada pelo servidor.
2025-10-06 12:33:36 - Thread de recebimento finalizada.
2025-10-06 12:33:36 - Conexão e socket fechados.
2025-10-06 12:33:36 - Conexão encerrada pelo servidor.
2025-10-06 12:33:36 - Thread de recebimento finalizada.
2025-10-06 12:33:36 - Conexão e socket fechados.
2025-10-06 12:33:36 - Conexão encerrada pelo servidor.
2025-10-06 12:33:36 - Thread de recebimento finalizada.
2025-10-06 12:33:36 - Conexão e socket fechados.
2025-10-06 12:33:36 - Conexão encerrada pelo servidor.
2025-10-06 12:33:36 - Thread de recebimento finalizada.
2025-10-06 12:33:36 - Conexão e socket fechados.
2025-10-06 12:33:36 - Conexão encerrada pelo servidor.
2025-10-06 12:33:36 - Thread de recebimento finalizada.
2025-10-06 12:33:36 - Conexão e socket fechados.
2025-10-06 12:33:36 - Conexão encerrada pelo servidor.
2025-10-06 12:33:36 - Thread de recebimento finalizada.
2025-10-06 12:33:36 - Conexão e socket fechados.
2025-10-06 12:33:36 - Conexão encerrada pelo servidor.
2025-10-06 12:33:36 - Thread de recebimento finalizada.
2025-10-06 12:33:36 - Conexão e socket fechados.
2025-10-06 12:33:36 - Conexão encerrada pelo servidor.
2025-10-06 12:33:36 - Thread de recebimento finalizada.
2025-10-06 12:33:36 - Conexão e socket fechados.
